# JRE version: Java(TM) SE Runtime Environment (17.0.16+12) (build 17.0.16+12-LTS-247)
# Java VM: Java HotSpot(TM) 64-Bit Server VM (17.0.16+12-LTS-247, mixed mode, sharing, tiered, compressed oops, compressed class ptrs, g1 gc, windows-amd64)
GC Precious Log:
 CPUs: 8 total, 8 available
 Memory: 6091M
 Large Page Support: Disabled
 NUMA Support: Disabled
 Compressed Oops: Enabled (32-bit)
 Heap Region Size: 1M
 Heap Min Capacity: 8M
 Heap Initial Capacity: 96M
 Heap Max Capacity: 512M
 Pre-touch: Disabled
 Parallel Workers: 8
 Concurrent Workers: 2
 Concurrent Refinement Workers: 8
 Periodic GC: Disabled
Heap:
 garbage-first heap   total 424960K, used 251875K [0x00000000e0000000, 0x0000000100000000)
  region size 1024K, 8 young (8192K), 6 survivors (6144K)
 Metaspace       used 129786K, committed 131904K, reserved 344064K
  class space    used 17644K, committed 18496K, reserved 212992K
GC Heap History (20 events):
Event: 805.029 GC heap before
{Heap before GC invocations=245 (full 0):
 garbage-first heap   total 352256K, used 308500K [0x00000000e0000000, 0x0000000100000000)
  region size 1024K, 75 young (76800K), 7 survivors (7168K)
 Metaspace       used 130304K, committed 131904K, reserved 344064K
  class space    used 17751K, committed 18496K, reserved 212992K
}
Event: 805.039 GC heap after
{Heap after GC invocations=246 (full 0):
 garbage-first heap   total 352256K, used 239582K [0x00000000e0000000, 0x0000000100000000)
  region size 1024K, 7 young (7168K), 7 survivors (7168K)
 Metaspace       used 130304K, committed 131904K, reserved 344064K
  class space    used 17751K, committed 18496K, reserved 212992K
}
Event: 805.368 GC heap before
{Heap before GC invocations=246 (full 0):
 garbage-first heap   total 352256K, used 307166K [0x00000000e0000000, 0x0000000100000000)
  region size 1024K, 74 young (75776K), 7 survivors (7168K)
 Metaspace       used 130305K, committed 131904K, reserved 344064K
  class space    used 17752K, committed 18496K, reserved 212992K
}
Event: 805.378 GC heap after
{Heap after GC invocations=247 (full 0):
 garbage-first heap   total 352256K, used 240544K [0x00000000e0000000, 0x0000000100000000)
  region size 1024K, 7 young (7168K), 7 survivors (7168K)
 Metaspace       used 130305K, committed 131904K, reserved 344064K
  class space    used 17752K, committed 18496K, reserved 212992K
}
Event: 806.230 GC heap before
{Heap before GC invocations=248 (full 0):
 garbage-first heap   total 424960K, used 299936K [0x00000000e0000000, 0x0000000100000000)
  region size 1024K, 66 young (67584K), 7 survivors (7168K)
 Metaspace       used 129769K, committed 131904K, reserved 344064K
  class space    used 17642K, committed 18496K, reserved 212992K
}
Event: 806.252 GC heap after
{Heap after GC invocations=249 (full 0):
 garbage-first heap   total 424960K, used 244319K [0x00000000e0000000, 0x0000000100000000)
  region size 1024K, 9 young (9216K), 9 survivors (9216K)
 Metaspace       used 129769K, committed 131904K, reserved 344064K
  class space    used 17642K, committed 18496K, reserved 212992K
}
Event: 806.284 GC heap before
{Heap before GC invocations=249 (full 0):
 garbage-first heap   total 424960K, used 254559K [0x00000000e0000000, 0x0000000100000000)
  region size 1024K, 20 young (20480K), 9 survivors (9216K)
 Metaspace       used 129769K, committed 131904K, reserved 344064K
  class space    used 17642K, committed 18496K, reserved 212992K
}
Event: 806.305 GC heap after
{Heap after GC invocations=250 (full 0):
 garbage-first heap   total 424960K, used 240413K [0x00000000e0000000, 0x0000000100000000)
  region size 1024K, 3 young (3072K), 3 survivors (3072K)
 Metaspace       used 129769K, committed 131904K, reserved 344064K
  class space    used 17642K, committed 18496K, reserved 212992K
}
Event: 806.756 GC heap before
{Heap before GC invocations=250 (full 0):
 garbage-first heap   total 424960K, used 367389K [0x00000000e0000000, 0x0000000100000000)
  region size 1024K, 127 young (130048K), 3 survivors (3072K)
 Metaspace       used 129777K, committed 131904K, reserved 344064K
  class space    used 17643K, committed 18496K, reserved 212992K
}
Event: 806.766 GC heap after
{Heap after GC invocations=251 (full 0):
 garbage-first heap   total 424960K, used 246155K [0x00000000e0000000, 0x0000000100000000)
  region size 1024K, 6 young (6144K), 6 survivors (6144K)
 Metaspace       used 129777K, committed 131904K, reserved 344064K
  class space    used 17643K, committed 18496K, reserved 212992K
}
Event: 807.091 GC heap before
{Heap before GC invocations=251 (full 0):
 garbage-first heap   total 424960K, used 366987K [0x00000000e0000000, 0x0000000100000000)
  region size 1024K, 124 young (126976K), 6 survivors (6144K)
 Metaspace       used 129778K, committed 131904K, reserved 344064K
  class space    used 17644K, committed 18496K, reserved 212992K
}
Event: 807.100 GC heap after
{Heap after GC invocations=252 (full 0):
 garbage-first heap   total 424960K, used 248781K [0x00000000e0000000, 0x0000000100000000)
  region size 1024K, 8 young (8192K), 8 survivors (8192K)
 Metaspace       used 129778K, committed 131904K, reserved 344064K
  class space    used 17644K, committed 18496K, reserved 212992K
}
Event: 807.425 GC heap before
{Heap before GC invocations=252 (full 0):
 garbage-first heap   total 424960K, used 367565K [0x00000000e0000000, 0x0000000100000000)
  region size 1024K, 125 young (128000K), 8 survivors (8192K)
 Metaspace       used 129778K, committed 131904K, reserved 344064K
  class space    used 17644K, committed 18496K, reserved 212992K
}
Event: 807.436 GC heap after
{Heap after GC invocations=253 (full 0):
 garbage-first heap   total 424960K, used 249110K [0x00000000e0000000, 0x0000000100000000)
  region size 1024K, 8 young (8192K), 8 survivors (8192K)
 Metaspace       used 129778K, committed 131904K, reserved 344064K
  class space    used 17644K, committed 18496K, reserved 212992K
}
Event: 808.069 GC heap before
{Heap before GC invocations=253 (full 0):
 garbage-first heap   total 424960K, used 368918K [0x00000000e0000000, 0x0000000100000000)
  region size 1024K, 126 young (129024K), 8 survivors (8192K)
 Metaspace       used 129778K, committed 131904K, reserved 344064K
  class space    used 17644K, committed 18496K, reserved 212992K
}
Event: 808.087 GC heap after
{Heap after GC invocations=254 (full 0):
 garbage-first heap   total 424960K, used 249874K [0x00000000e0000000, 0x0000000100000000)
  region size 1024K, 9 young (9216K), 9 survivors (9216K)
 Metaspace       used 129778K, committed 131904K, reserved 344064K
  class space    used 17644K, committed 18496K, reserved 212992K
}
Event: 808.842 GC heap before
{Heap before GC invocations=254 (full 0):
 garbage-first heap   total 424960K, used 371730K [0x00000000e0000000, 0x0000000100000000)
  region size 1024K, 128 young (131072K), 9 survivors (9216K)
 Metaspace       used 129782K, committed 131904K, reserved 344064K
  class space    used 17644K, committed 18496K, reserved 212992K
}
Event: 808.854 GC heap after
{Heap after GC invocations=255 (full 0):
 garbage-first heap   total 424960K, used 250423K [0x00000000e0000000, 0x0000000100000000)
  region size 1024K, 10 young (10240K), 10 survivors (10240K)
 Metaspace       used 129782K, committed 131904K, reserved 344064K
  class space    used 17644K, committed 18496K, reserved 212992K
}
Event: 809.383 GC heap before
{Heap before GC invocations=255 (full 0):
 garbage-first heap   total 424960K, used 369207K [0x00000000e0000000, 0x0000000100000000)
  region size 1024K, 127 young (130048K), 10 survivors (10240K)
 Metaspace       used 129785K, committed 131904K, reserved 344064K
  class space    used 17644K, committed 18496K, reserved 212992K
}
Event: 809.399 GC heap after
{Heap after GC invocations=256 (full 0):
 garbage-first heap   total 424960K, used 251668K [0x00000000e0000000, 0x0000000100000000)
  region size 1024K, 9 young (9216K), 9 survivors (9216K)
 Metaspace       used 129785K, committed 131904K, reserved 344064K
  class space    used 17644K, committed 18496K, reserved 212992K
}

